  [4;36;1mSQL (0.001075)[0m   [0;1mSET SQL_AUTO_IS_NULL=0[0m
  [4;35;1mSQL (0.019645)[0m   [0mCREATE TABLE schema_info (version int(11))[0m
  [4;36;1mSQL (0.002798)[0m   [0;1mINSERT INTO schema_info (version) VALUES(0)[0m
  [4;35;1mSQL (0.000000)[0m   [0mMysql::Error: #42S01Table 'schema_info' already exists: CREATE TABLE schema_info (version int(11))[0m
  [4;36;1mSQL (0.002513)[0m   [0;1mSELECT version FROM schema_info[0m
Migrating to Items (1)
  [4;35;1mSQL (0.068313)[0m   [0mCREATE TABLE items (`id` int(11) DEFAULT NULL auto_increment PRIMARY KEY, `title` varchar(255) DEFAULT NULL, `description` varchar(255) DEFAULT NULL, `notes` varchar(255) DEFAULT NULL, `status` int(11) DEFAULT NULL, `effort` int(11) DEFAULT NULL, `priority` int(11) DEFAULT NULL, `sprint_id` int(11) DEFAULT NULL) ENGINE=InnoDB[0m
  [4;36;1mSQL (0.001825)[0m   [0;1mUPDATE schema_info SET version = 1[0m
  [4;35;1mSQL (0.002203)[0m   [0mSELECT version FROM schema_info[0m
Migrating to Tasks (2)
  [4;36;1mSQL (0.118381)[0m   [0;1mCREATE TABLE tasks (`id` int(11) DEFAULT NULL auto_increment PRIMARY KEY, `title` varchar(255) DEFAULT NULL, `description` varchar(255) DEFAULT NULL, `status` int(11) DEFAULT NULL, `effort` int(11) DEFAULT NULL, `item_id` int(11) DEFAULT NULL, `developer_id` int(11) DEFAULT NULL) ENGINE=InnoDB[0m
  [4;35;1mSQL (0.001806)[0m   [0mUPDATE schema_info SET version = 2[0m
  [4;36;1mSQL (0.002116)[0m   [0;1mSELECT version FROM schema_info[0m
Migrating to Sprints (3)
  [4;35;1mSQL (0.063958)[0m   [0mCREATE TABLE sprints (`id` int(11) DEFAULT NULL auto_increment PRIMARY KEY, `number` int(11) DEFAULT NULL, `start` date DEFAULT NULL, `end` date DEFAULT NULL) ENGINE=InnoDB[0m
  [4;36;1mSQL (0.001818)[0m   [0;1mUPDATE schema_info SET version = 3[0m
  [4;35;1mSQL (0.002225)[0m   [0mSELECT version FROM schema_info[0m
Migrating to Developers (4)
  [4;36;1mSQL (0.124512)[0m   [0;1mCREATE TABLE developers (`id` int(11) DEFAULT NULL auto_increment PRIMARY KEY, `name` varchar(255) DEFAULT NULL) ENGINE=InnoDB[0m
  [4;35;1mSQL (0.001852)[0m   [0mUPDATE schema_info SET version = 4[0m
  [4;36;1mSQL (0.002469)[0m   [0;1mSELECT * FROM schema_info[0m
  [4;35;1mSQL (0.003311)[0m   [0mSHOW TABLES[0m
  [4;36;1mSQL (0.005112)[0m   [0;1mSHOW FIELDS FROM developers[0m
  [4;35;1mSQL (0.007406)[0m   [0mSHOW KEYS FROM developers[0m
  [4;36;1mSQL (0.006968)[0m   [0;1mSHOW FIELDS FROM items[0m
  [4;35;1mSQL (0.008179)[0m   [0mSHOW KEYS FROM items[0m
  [4;36;1mSQL (0.005843)[0m   [0;1mSHOW FIELDS FROM sprints[0m
  [4;35;1mSQL (0.007426)[0m   [0mSHOW KEYS FROM sprints[0m
  [4;36;1mSQL (0.006918)[0m   [0;1mSHOW FIELDS FROM tasks[0m
  [4;35;1mSQL (0.065306)[0m   [0mSHOW KEYS FROM tasks[0m
